   SW   perc perc perc  query     position in query     matching    repeat           position in repeat
score   div. del. ins.  sequence  begin end    (left)   repeat      class/family   begin  end    (left) 

 3107   31.8  2.5  3.0  chr1       4278  6003 (93997) C ATCopia28_I LTR/Copia        (47)   4659   2942  
 1671   32.1  4.0  4.6  chr1       6374  7780 (92220) C ATCopia27_I LTR/Copia      (2111)   3547   2564  
  321   29.7  0.7  3.5  chr1      10109 10251 (89749) + (CCG)n      Simple_repeat       2    140    (0)  
  226   18.8  0.0  5.0  chr1      10266 10366 (89634) + (CCG)n      Simple_repeat       3     98    (0)  
   27    7.3  0.0  0.0  chr1      11709 11763 (88237) + AT_rich     Low_complexity      1     55    (0)  
  229   17.5  0.0  0.0  chr1      16912 16951 (83049) + (CCG)n      Simple_repeat       3     42    (0)  
  239    0.0  0.0  3.1  chr1      17062 17093 (82907) + (TTC)n      Simple_repeat       2     32    (0)  
  282    5.6  0.0  0.0  chr1      19890 19925 (80075) + (CGG)n      Simple_repeat       3     38    (0)  
   28    0.0  0.0  0.0  chr1      21152 21179 (78821) + AT_rich     Low_complexity      1     28    (0)  
   37    6.2  0.0  0.0  chr1      21761 21825 (78175) + AT_rich     Low_complexity      1     65    (0)  
   32    0.0  0.0  0.0  chr1      23047 23078 (76922) + AT_rich     Low_complexity      1     32    (0)  
   25    3.1  0.0  0.0  chr1      23123 23154 (76846) + AT_rich     Low_complexity      1     32    (0)  
   21    0.0  0.0  0.0  chr1      23481 23501 (76499) + AT_rich     Low_complexity      1     21    (0)  
   25    9.0  0.0  0.0  chr1      23558 23624 (76376) + AT_rich     Low_complexity      1     67    (0)  
   29    0.0  0.0  0.0  chr1      24839 24867 (75133) + AT_rich     Low_complexity      1     29    (0)  
   32    0.0  0.0  0.0  chr1      25255 25286 (74714) + AT_rich     Low_complexity      1     32    (0)  
  237   19.6  0.0  0.0  chr1      29735 29790 (70210) + A-rich      Low_complexity      1     56    (0)  
  558    0.0  0.0  0.0  chr1      36303 36364 (63636) + (GA)n       Simple_repeat       2     63    (0)  
  222    3.7  0.0  0.0  chr1      44475 44501 (55499) + (GAAAA)n    Simple_repeat       3     29    (0)  
   23    0.0  0.0  0.0  chr1      48228 48250 (51750) + AT_rich     Low_complexity      1     23    (0)  
  180    0.0  0.0  0.0  chr1      48721 48740 (51260) + (GCTTG)n    Simple_repeat       3     22    (0)  
  207    0.0  0.0  0.0  chr1      49211 49233 (50767) + (TC)n       Simple_repeat       2     24    (0)  
  243    0.0  0.0  0.0  chr1      55661 55687 (44313) + (TAA)n      Simple_repeat       1     27    (0)  
   22    0.0  0.0  0.0  chr1      55802 55823 (44177) + AT_rich     Low_complexity      1     22    (0)  
  225    0.0  0.0  0.0  chr1      56283 56307 (43693) + (GAA)n      Simple_repeat       1     25    (0)  
  219    3.6  0.0  0.0  chr1      56830 56857 (43143) + (TAGA)n     Simple_repeat       2     29    (0)  
   25    3.1  0.0  0.0  chr1      62178 62209 (37791) + AT_rich     Low_complexity      1     32    (0)  
  198    0.0  0.0  0.0  chr1      63802 63823 (36177) + (CAG)n      Simple_repeat       3     24    (0)  
   28    4.8  0.0  0.0  chr1      64846 64887 (35113) + AT_rich     Low_complexity      1     42    (0)  
   24    3.2  0.0  0.0  chr1      65020 65050 (34950) + AT_rich     Low_complexity      1     31    (0)  
   21    0.0  0.0  0.0  chr1      65428 65448 (34552) + AT_rich     Low_complexity      1     21    (0)  
   32    0.0  0.0  0.0  chr1      71119 71150 (28850) + AT_rich     Low_complexity      1     32    (0)  
  234    0.0  0.0  0.0  chr1      71230 71255 (28745) + (GAGAA)n    Simple_repeat       2     27    (0)  
   21    0.0  0.0  0.0  chr1      71772 71792 (28208) + GC_rich     Low_complexity      1     21    (0)  
  189    0.0  0.0  0.0  chr1      75335 75355 (24645) + (TGGA)n     Simple_repeat       4     24    (0)  
  234    0.0  0.0  0.0  chr1      76756 76781 (23219) + (GGCTG)n    Simple_repeat       4     29    (0)  
   22    9.9  0.0  0.0  chr1      78605 78675 (21325) + AT_rich     Low_complexity      1     71    (0)  
  246   29.0  2.3  2.3  chr1      78734 78906 (21094) + T-rich      Low_complexity      5    177    (0)  
  327    7.9  2.8  7.3  chr1      83467 83575 (16425) + (CGG)n      Simple_repeat       3    106    (0)  
  219   27.3  0.0  2.5  chr1      83880 83958 (16042) + (CGG)n      Simple_repeat       2     78    (0)  
   29    2.8  0.0  0.0  chr1      85496 85531 (14469) + AT_rich     Low_complexity      1     36    (0)  
   22    0.0  0.0  0.0  chr1      85897 85918 (14082) + AT_rich     Low_complexity      1     22    (0)  
  225    0.0  0.0  0.0  chr1      86397 86421 (13579) + (TA)n       Simple_repeat       1     25    (0)  
  182    3.7  0.0  3.6  chr1      89781 89808 (10192) + (CATA)n     Simple_repeat       2     28    (0)  
  198    0.0  0.0  0.0  chr1      98815 98836  (1164) + (TGAA)n     Simple_repeat       3     24    (0)  
  249   23.2  0.0  0.0  chr1      99615 99683   (317) + (CCG)n      Simple_repeat       3     71    (0)  
